Traceback (most recent call last):
  File "/opt/anaconda3/envs/python4DS/lib/python3.9/site-packages/jupyter_cache/executors/utils.py", line 51, in single_nb_execution
    executenb(
  File "/opt/anaconda3/envs/python4DS/lib/python3.9/site-packages/nbclient/client.py", line 1204, in execute
    return NotebookClient(nb=nb, resources=resources, km=km, **kwargs).execute()
  File "/opt/anaconda3/envs/python4DS/lib/python3.9/site-packages/nbclient/util.py", line 84, in wrapped
    return just_run(coro(*args, **kwargs))
  File "/opt/anaconda3/envs/python4DS/lib/python3.9/site-packages/nbclient/util.py", line 62, in just_run
    return loop.run_until_complete(coro)
  File "/opt/anaconda3/envs/python4DS/lib/python3.9/asyncio/base_events.py", line 647, in run_until_complete
    return future.result()
  File "/opt/anaconda3/envs/python4DS/lib/python3.9/site-packages/nbclient/client.py", line 663, in async_execute
    await self.async_execute_cell(
  File "/opt/anaconda3/envs/python4DS/lib/python3.9/site-packages/nbclient/client.py", line 965, in async_execute_cell
    await self._check_raise_for_error(cell, cell_index, exec_reply)
  File "/opt/anaconda3/envs/python4DS/lib/python3.9/site-packages/nbclient/client.py", line 862, in _check_raise_for_error
    raise CellExecutionError.from_cell_and_msg(cell, exec_reply_content)
nbclient.exceptions.CellExecutionError: An error occurred while executing the following cell:
------------------
# remove cell
import matplotlib_inline.backend_inline
import matplotlib.pyplot as plt

# Plot settings
plt.style.use("https://github.com/aeturrell/python4DS/raw/main/plot_style.txt")
matplotlib_inline.backend_inline.set_matplotlib_formats("svg")
------------------

[0;31m---------------------------------------------------------------------------[0m
[0;31mKeyboardInterrupt[0m                         Traceback (most recent call last)
Input [0;32mIn [1][0m, in [0;36m<cell line: 6>[0;34m()[0m
[1;32m      3[0m [38;5;28;01mimport[39;00m [38;5;21;01mmatplotlib[39;00m[38;5;21;01m.[39;00m[38;5;21;01mpyplot[39;00m [38;5;28;01mas[39;00m [38;5;21;01mplt[39;00m
[1;32m      5[0m [38;5;66;03m# Plot settings[39;00m
[0;32m----> 6[0m [43mplt[49m[38;5;241;43m.[39;49m[43mstyle[49m[38;5;241;43m.[39;49m[43muse[49m[43m([49m[38;5;124;43m"[39;49m[38;5;124;43mhttps://github.com/aeturrell/python4DS/raw/main/plot_style.txt[39;49m[38;5;124;43m"[39;49m[43m)[49m
[1;32m      7[0m matplotlib_inline[38;5;241m.[39mbackend_inline[38;5;241m.[39mset_matplotlib_formats([38;5;124m"[39m[38;5;124msvg[39m[38;5;124m"[39m)

File [0;32m/opt/anaconda3/envs/python4DS/lib/python3.9/site-packages/matplotlib/style/core.py:127[0m, in [0;36muse[0;34m(style)[0m
[1;32m    125[0m [38;5;28;01melse[39;00m:
[1;32m    126[0m     [38;5;28;01mtry[39;00m:
[0;32m--> 127[0m         rc [38;5;241m=[39m [43mrc_params_from_file[49m[43m([49m[43mstyle[49m[43m,[49m[43m [49m[43muse_default_template[49m[38;5;241;43m=[39;49m[38;5;28;43;01mFalse[39;49;00m[43m)[49m
[1;32m    128[0m         _apply_style(rc)
[1;32m    129[0m     [38;5;28;01mexcept[39;00m [38;5;167;01mIOError[39;00m [38;5;28;01mas[39;00m err:

File [0;32m/opt/anaconda3/envs/python4DS/lib/python3.9/site-packages/matplotlib/__init__.py:852[0m, in [0;36mrc_params_from_file[0;34m(fname, fail_on_error, use_default_template)[0m
[1;32m    837[0m [38;5;28;01mdef[39;00m [38;5;21mrc_params_from_file[39m(fname, fail_on_error[38;5;241m=[39m[38;5;28;01mFalse[39;00m, use_default_template[38;5;241m=[39m[38;5;28;01mTrue[39;00m):
[1;32m    838[0m     [38;5;124;03m"""[39;00m
[1;32m    839[0m [38;5;124;03m    Construct a `RcParams` from file *fname*.[39;00m
[1;32m    840[0m 
[0;32m   (...)[0m
[1;32m    850[0m [38;5;124;03m        parameters specified in the file. (Useful for updating dicts.)[39;00m
[1;32m    851[0m [38;5;124;03m    """[39;00m
[0;32m--> 852[0m     config_from_file [38;5;241m=[39m [43m_rc_params_in_file[49m[43m([49m[43mfname[49m[43m,[49m[43m [49m[43mfail_on_error[49m[38;5;241;43m=[39;49m[43mfail_on_error[49m[43m)[49m
[1;32m    854[0m     [38;5;28;01mif[39;00m [38;5;129;01mnot[39;00m use_default_template:
[1;32m    855[0m         [38;5;28;01mreturn[39;00m config_from_file

File [0;32m/opt/anaconda3/envs/python4DS/lib/python3.9/site-packages/matplotlib/__init__.py:778[0m, in [0;36m_rc_params_in_file[0;34m(fname, transform, fail_on_error)[0m
[1;32m    776[0m [38;5;28;01mimport[39;00m [38;5;21;01mmatplotlib[39;00m [38;5;28;01mas[39;00m [38;5;21;01mmpl[39;00m
[1;32m    777[0m rc_temp [38;5;241m=[39m {}
[0;32m--> 778[0m [38;5;28;01mwith[39;00m _open_file_or_url(fname) [38;5;28;01mas[39;00m fd:
[1;32m    779[0m     [38;5;28;01mtry[39;00m:
[1;32m    780[0m         [38;5;28;01mfor[39;00m line_no, line [38;5;129;01min[39;00m [38;5;28menumerate[39m(fd, [38;5;241m1[39m):

File [0;32m/opt/anaconda3/envs/python4DS/lib/python3.9/contextlib.py:119[0m, in [0;36m_GeneratorContextManager.__enter__[0;34m(self)[0m
[1;32m    117[0m [38;5;28;01mdel[39;00m [38;5;28mself[39m[38;5;241m.[39margs, [38;5;28mself[39m[38;5;241m.[39mkwds, [38;5;28mself[39m[38;5;241m.[39mfunc
[1;32m    118[0m [38;5;28;01mtry[39;00m:
[0;32m--> 119[0m     [38;5;28;01mreturn[39;00m [38;5;28;43mnext[39;49m[43m([49m[38;5;28;43mself[39;49m[38;5;241;43m.[39;49m[43mgen[49m[43m)[49m
[1;32m    120[0m [38;5;28;01mexcept[39;00m [38;5;167;01mStopIteration[39;00m:
[1;32m    121[0m     [38;5;28;01mraise[39;00m [38;5;167;01mRuntimeError[39;00m([38;5;124m"[39m[38;5;124mgenerator didn[39m[38;5;124m'[39m[38;5;124mt yield[39m[38;5;124m"[39m) [38;5;28;01mfrom[39;00m [38;5;28mNone[39m

File [0;32m/opt/anaconda3/envs/python4DS/lib/python3.9/site-packages/matplotlib/__init__.py:748[0m, in [0;36m_open_file_or_url[0;34m(fname)[0m
[1;32m    744[0m     [38;5;28;01mif[39;00m ssl_ctx [38;5;129;01mis[39;00m [38;5;28;01mNone[39;00m:
[1;32m    745[0m         _log[38;5;241m.[39mdebug(
[1;32m    746[0m             [38;5;124m"[39m[38;5;124mCould not get certifi ssl context, https may not work.[39m[38;5;124m"[39m
[1;32m    747[0m         )
[0;32m--> 748[0m     [38;5;28;01mwith[39;00m [43murllib[49m[38;5;241;43m.[39;49m[43mrequest[49m[38;5;241;43m.[39;49m[43murlopen[49m[43m([49m[43mfname[49m[43m,[49m[43m [49m[43mcontext[49m[38;5;241;43m=[39;49m[43mssl_ctx[49m[43m)[49m [38;5;28;01mas[39;00m f:
[1;32m    749[0m         [38;5;28;01myield[39;00m (line[38;5;241m.[39mdecode([38;5;124m'[39m[38;5;124mutf-8[39m[38;5;124m'[39m) [38;5;28;01mfor[39;00m line [38;5;129;01min[39;00m f)
[1;32m    750[0m [38;5;28;01melse[39;00m:

File [0;32m/opt/anaconda3/envs/python4DS/lib/python3.9/urllib/request.py:214[0m, in [0;36murlopen[0;34m(url, data, timeout, cafile, capath, cadefault, context)[0m
[1;32m    212[0m [38;5;28;01melse[39;00m:
[1;32m    213[0m     opener [38;5;241m=[39m _opener
[0;32m--> 214[0m [38;5;28;01mreturn[39;00m [43mopener[49m[38;5;241;43m.[39;49m[43mopen[49m[43m([49m[43murl[49m[43m,[49m[43m [49m[43mdata[49m[43m,[49m[43m [49m[43mtimeout[49m[43m)[49m

File [0;32m/opt/anaconda3/envs/python4DS/lib/python3.9/urllib/request.py:517[0m, in [0;36mOpenerDirector.open[0;34m(self, fullurl, data, timeout)[0m
[1;32m    514[0m     req [38;5;241m=[39m meth(req)
[1;32m    516[0m sys[38;5;241m.[39maudit([38;5;124m'[39m[38;5;124murllib.Request[39m[38;5;124m'[39m, req[38;5;241m.[39mfull_url, req[38;5;241m.[39mdata, req[38;5;241m.[39mheaders, req[38;5;241m.[39mget_method())
[0;32m--> 517[0m response [38;5;241m=[39m [38;5;28;43mself[39;49m[38;5;241;43m.[39;49m[43m_open[49m[43m([49m[43mreq[49m[43m,[49m[43m [49m[43mdata[49m[43m)[49m
[1;32m    519[0m [38;5;66;03m# post-process response[39;00m
[1;32m    520[0m meth_name [38;5;241m=[39m protocol[38;5;241m+[39m[38;5;124m"[39m[38;5;124m_response[39m[38;5;124m"[39m

File [0;32m/opt/anaconda3/envs/python4DS/lib/python3.9/urllib/request.py:534[0m, in [0;36mOpenerDirector._open[0;34m(self, req, data)[0m
[1;32m    531[0m     [38;5;28;01mreturn[39;00m result
[1;32m    533[0m protocol [38;5;241m=[39m req[38;5;241m.[39mtype
[0;32m--> 534[0m result [38;5;241m=[39m [38;5;28;43mself[39;49m[38;5;241;43m.[39;49m[43m_call_chain[49m[43m([49m[38;5;28;43mself[39;49m[38;5;241;43m.[39;49m[43mhandle_open[49m[43m,[49m[43m [49m[43mprotocol[49m[43m,[49m[43m [49m[43mprotocol[49m[43m [49m[38;5;241;43m+[39;49m
[1;32m    535[0m [43m                          [49m[38;5;124;43m'[39;49m[38;5;124;43m_open[39;49m[38;5;124;43m'[39;49m[43m,[49m[43m [49m[43mreq[49m[43m)[49m
[1;32m    536[0m [38;5;28;01mif[39;00m result:
[1;32m    537[0m     [38;5;28;01mreturn[39;00m result

File [0;32m/opt/anaconda3/envs/python4DS/lib/python3.9/urllib/request.py:494[0m, in [0;36mOpenerDirector._call_chain[0;34m(self, chain, kind, meth_name, *args)[0m
[1;32m    492[0m [38;5;28;01mfor[39;00m handler [38;5;129;01min[39;00m handlers:
[1;32m    493[0m     func [38;5;241m=[39m [38;5;28mgetattr[39m(handler, meth_name)
[0;32m--> 494[0m     result [38;5;241m=[39m [43mfunc[49m[43m([49m[38;5;241;43m*[39;49m[43margs[49m[43m)[49m
[1;32m    495[0m     [38;5;28;01mif[39;00m result [38;5;129;01mis[39;00m [38;5;129;01mnot[39;00m [38;5;28;01mNone[39;00m:
[1;32m    496[0m         [38;5;28;01mreturn[39;00m result

File [0;32m/opt/anaconda3/envs/python4DS/lib/python3.9/urllib/request.py:1389[0m, in [0;36mHTTPSHandler.https_open[0;34m(self, req)[0m
[1;32m   1388[0m [38;5;28;01mdef[39;00m [38;5;21mhttps_open[39m([38;5;28mself[39m, req):
[0;32m-> 1389[0m     [38;5;28;01mreturn[39;00m [38;5;28;43mself[39;49m[38;5;241;43m.[39;49m[43mdo_open[49m[43m([49m[43mhttp[49m[38;5;241;43m.[39;49m[43mclient[49m[38;5;241;43m.[39;49m[43mHTTPSConnection[49m[43m,[49m[43m [49m[43mreq[49m[43m,[49m
[1;32m   1390[0m [43m        [49m[43mcontext[49m[38;5;241;43m=[39;49m[38;5;28;43mself[39;49m[38;5;241;43m.[39;49m[43m_context[49m[43m,[49m[43m [49m[43mcheck_hostname[49m[38;5;241;43m=[39;49m[38;5;28;43mself[39;49m[38;5;241;43m.[39;49m[43m_check_hostname[49m[43m)[49m

File [0;32m/opt/anaconda3/envs/python4DS/lib/python3.9/urllib/request.py:1350[0m, in [0;36mAbstractHTTPHandler.do_open[0;34m(self, http_class, req, **http_conn_args)[0m
[1;32m   1348[0m     [38;5;28;01mexcept[39;00m [38;5;167;01mOSError[39;00m [38;5;28;01mas[39;00m err: [38;5;66;03m# timeout error[39;00m
[1;32m   1349[0m         [38;5;28;01mraise[39;00m URLError(err)
[0;32m-> 1350[0m     r [38;5;241m=[39m [43mh[49m[38;5;241;43m.[39;49m[43mgetresponse[49m[43m([49m[43m)[49m
[1;32m   1351[0m [38;5;28;01mexcept[39;00m:
[1;32m   1352[0m     h[38;5;241m.[39mclose()

File [0;32m/opt/anaconda3/envs/python4DS/lib/python3.9/http/client.py:1377[0m, in [0;36mHTTPConnection.getresponse[0;34m(self)[0m
[1;32m   1375[0m [38;5;28;01mtry[39;00m:
[1;32m   1376[0m     [38;5;28;01mtry[39;00m:
[0;32m-> 1377[0m         [43mresponse[49m[38;5;241;43m.[39;49m[43mbegin[49m[43m([49m[43m)[49m
[1;32m   1378[0m     [38;5;28;01mexcept[39;00m [38;5;167;01mConnectionError[39;00m:
[1;32m   1379[0m         [38;5;28mself[39m[38;5;241m.[39mclose()

File [0;32m/opt/anaconda3/envs/python4DS/lib/python3.9/http/client.py:320[0m, in [0;36mHTTPResponse.begin[0;34m(self)[0m
[1;32m    318[0m [38;5;66;03m# read until we get a non-100 response[39;00m
[1;32m    319[0m [38;5;28;01mwhile[39;00m [38;5;28;01mTrue[39;00m:
[0;32m--> 320[0m     version, status, reason [38;5;241m=[39m [38;5;28;43mself[39;49m[38;5;241;43m.[39;49m[43m_read_status[49m[43m([49m[43m)[49m
[1;32m    321[0m     [38;5;28;01mif[39;00m status [38;5;241m!=[39m CONTINUE:
[1;32m    322[0m         [38;5;28;01mbreak[39;00m

File [0;32m/opt/anaconda3/envs/python4DS/lib/python3.9/http/client.py:281[0m, in [0;36mHTTPResponse._read_status[0;34m(self)[0m
[1;32m    280[0m [38;5;28;01mdef[39;00m [38;5;21m_read_status[39m([38;5;28mself[39m):
[0;32m--> 281[0m     line [38;5;241m=[39m [38;5;28mstr[39m([38;5;28;43mself[39;49m[38;5;241;43m.[39;49m[43mfp[49m[38;5;241;43m.[39;49m[43mreadline[49m[43m([49m[43m_MAXLINE[49m[43m [49m[38;5;241;43m+[39;49m[43m [49m[38;5;241;43m1[39;49m[43m)[49m, [38;5;124m"[39m[38;5;124miso-8859-1[39m[38;5;124m"[39m)
[1;32m    282[0m     [38;5;28;01mif[39;00m [38;5;28mlen[39m(line) [38;5;241m>[39m _MAXLINE:
[1;32m    283[0m         [38;5;28;01mraise[39;00m LineTooLong([38;5;124m"[39m[38;5;124mstatus line[39m[38;5;124m"[39m)

File [0;32m/opt/anaconda3/envs/python4DS/lib/python3.9/socket.py:704[0m, in [0;36mSocketIO.readinto[0;34m(self, b)[0m
[1;32m    702[0m [38;5;28;01mwhile[39;00m [38;5;28;01mTrue[39;00m:
[1;32m    703[0m     [38;5;28;01mtry[39;00m:
[0;32m--> 704[0m         [38;5;28;01mreturn[39;00m [38;5;28;43mself[39;49m[38;5;241;43m.[39;49m[43m_sock[49m[38;5;241;43m.[39;49m[43mrecv_into[49m[43m([49m[43mb[49m[43m)[49m
[1;32m    705[0m     [38;5;28;01mexcept[39;00m timeout:
[1;32m    706[0m         [38;5;28mself[39m[38;5;241m.[39m_timeout_occurred [38;5;241m=[39m [38;5;28;01mTrue[39;00m

File [0;32m/opt/anaconda3/envs/python4DS/lib/python3.9/ssl.py:1241[0m, in [0;36mSSLSocket.recv_into[0;34m(self, buffer, nbytes, flags)[0m
[1;32m   1237[0m     [38;5;28;01mif[39;00m flags [38;5;241m!=[39m [38;5;241m0[39m:
[1;32m   1238[0m         [38;5;28;01mraise[39;00m [38;5;167;01mValueError[39;00m(
[1;32m   1239[0m           [38;5;124m"[39m[38;5;124mnon-zero flags not allowed in calls to recv_into() on [39m[38;5;132;01m%s[39;00m[38;5;124m"[39m [38;5;241m%[39m
[1;32m   1240[0m           [38;5;28mself[39m[38;5;241m.[39m[38;5;18m__class__[39m)
[0;32m-> 1241[0m     [38;5;28;01mreturn[39;00m [38;5;28;43mself[39;49m[38;5;241;43m.[39;49m[43mread[49m[43m([49m[43mnbytes[49m[43m,[49m[43m [49m[43mbuffer[49m[43m)[49m
[1;32m   1242[0m [38;5;28;01melse[39;00m:
[1;32m   1243[0m     [38;5;28;01mreturn[39;00m [38;5;28msuper[39m()[38;5;241m.[39mrecv_into(buffer, nbytes, flags)

File [0;32m/opt/anaconda3/envs/python4DS/lib/python3.9/ssl.py:1099[0m, in [0;36mSSLSocket.read[0;34m(self, len, buffer)[0m
[1;32m   1097[0m [38;5;28;01mtry[39;00m:
[1;32m   1098[0m     [38;5;28;01mif[39;00m buffer [38;5;129;01mis[39;00m [38;5;129;01mnot[39;00m [38;5;28;01mNone[39;00m:
[0;32m-> 1099[0m         [38;5;28;01mreturn[39;00m [38;5;28;43mself[39;49m[38;5;241;43m.[39;49m[43m_sslobj[49m[38;5;241;43m.[39;49m[43mread[49m[43m([49m[38;5;28;43mlen[39;49m[43m,[49m[43m [49m[43mbuffer[49m[43m)[49m
[1;32m   1100[0m     [38;5;28;01melse[39;00m:
[1;32m   1101[0m         [38;5;28;01mreturn[39;00m [38;5;28mself[39m[38;5;241m.[39m_sslobj[38;5;241m.[39mread([38;5;28mlen[39m)

[0;31mKeyboardInterrupt[0m: 
KeyboardInterrupt: 

