Traceback (most recent call last):
  File "/opt/anaconda3/envs/py4ds2e/lib/python3.10/site-packages/jupyter_cache/executors/utils.py", line 58, in single_nb_execution
    executenb(
  File "/opt/anaconda3/envs/py4ds2e/lib/python3.10/site-packages/nbclient/client.py", line 1305, in execute
    return NotebookClient(nb=nb, resources=resources, km=km, **kwargs).execute()
  File "/opt/anaconda3/envs/py4ds2e/lib/python3.10/site-packages/jupyter_core/utils/__init__.py", line 166, in wrapped
    return loop.run_until_complete(inner)
  File "/opt/anaconda3/envs/py4ds2e/lib/python3.10/asyncio/base_events.py", line 649, in run_until_complete
    return future.result()
  File "/opt/anaconda3/envs/py4ds2e/lib/python3.10/site-packages/nbclient/client.py", line 705, in async_execute
    await self.async_execute_cell(
  File "/opt/anaconda3/envs/py4ds2e/lib/python3.10/site-packages/nbclient/client.py", line 1058, in async_execute_cell
    await self._check_raise_for_error(cell, cell_index, exec_reply)
  File "/opt/anaconda3/envs/py4ds2e/lib/python3.10/site-packages/nbclient/client.py", line 914, in _check_raise_for_error
    raise CellExecutionError.from_cell_and_msg(cell, exec_reply_content)
nbclient.exceptions.CellExecutionError: An error occurred while executing the following cell:
------------------
import ibis

ibis.options.interactive = True
connection = ibis.sqlite.connect(Path("data/Chinook.sqlite"))
track = connection.table("track")
track.head()
------------------


[0;31m---------------------------------------------------------------------------[0m
[0;31mTypeError[0m                                 Traceback (most recent call last)
Input [0;32mIn [13][0m, in [0;36m<cell line: 5>[0;34m()[0m
[1;32m      3[0m ibis[38;5;241m.[39moptions[38;5;241m.[39minteractive [38;5;241m=[39m [38;5;28;01mTrue[39;00m
[1;32m      4[0m connection [38;5;241m=[39m ibis[38;5;241m.[39msqlite[38;5;241m.[39mconnect(Path([38;5;124m"[39m[38;5;124mdata/Chinook.sqlite[39m[38;5;124m"[39m))
[0;32m----> 5[0m track [38;5;241m=[39m [43mconnection[49m[38;5;241;43m.[39;49m[43mtable[49m[43m([49m[38;5;124;43m"[39;49m[38;5;124;43mtrack[39;49m[38;5;124;43m"[39;49m[43m)[49m
[1;32m      6[0m track[38;5;241m.[39mhead()

File [0;32m/opt/anaconda3/envs/py4ds2e/lib/python3.10/site-packages/ibis/backends/base/sql/alchemy/__init__.py:608[0m, in [0;36mBaseAlchemyBackend.table[0;34m(self, name, database, schema)[0m
[1;32m    604[0m         [38;5;28;01mreturn[39;00m [38;5;28mself[39m[38;5;241m.[39mdatabase(name[38;5;241m=[39mdatabase)[38;5;241m.[39mtable(name[38;5;241m=[39mname, schema[38;5;241m=[39mschema)
[1;32m    606[0m sqla_table [38;5;241m=[39m [38;5;28mself[39m[38;5;241m.[39m_get_sqla_table(name, schema[38;5;241m=[39mschema)
[0;32m--> 608[0m schema [38;5;241m=[39m [38;5;28;43mself[39;49m[38;5;241;43m.[39;49m[43m_schema_from_sqla_table[49m[43m([49m
[1;32m    609[0m [43m    [49m[43msqla_table[49m[43m,[49m[43m [49m[43mschema[49m[38;5;241;43m=[39;49m[38;5;28;43mself[39;49m[38;5;241;43m.[39;49m[43m_schemas[49m[38;5;241;43m.[39;49m[43mget[49m[43m([49m[43mname[49m[43m)[49m
[1;32m    610[0m [43m[49m[43m)[49m
[1;32m    611[0m node [38;5;241m=[39m ops[38;5;241m.[39mDatabaseTable(
[1;32m    612[0m     name[38;5;241m=[39mname, schema[38;5;241m=[39mschema, source[38;5;241m=[39m[38;5;28mself[39m, namespace[38;5;241m=[39mnamespace
[1;32m    613[0m )
[1;32m    614[0m [38;5;28;01mreturn[39;00m node[38;5;241m.[39mto_expr()

File [0;32m/opt/anaconda3/envs/py4ds2e/lib/python3.10/site-packages/ibis/backends/base/sql/alchemy/__init__.py:519[0m, in [0;36mBaseAlchemyBackend._schema_from_sqla_table[0;34m(cls, table, schema)[0m
[1;32m    517[0m         dtype [38;5;241m=[39m schema[name]
[1;32m    518[0m     [38;5;28;01melse[39;00m:
[0;32m--> 519[0m         dtype [38;5;241m=[39m [38;5;28;43mcls[39;49m[38;5;241;43m.[39;49m[43mcompiler[49m[38;5;241;43m.[39;49m[43mtranslator_class[49m[38;5;241;43m.[39;49m[43mget_ibis_type[49m[43m([49m
[1;32m    520[0m [43m            [49m[43mcolumn[49m[38;5;241;43m.[39;49m[43mtype[49m[43m,[49m[43m [49m[43mnullable[49m[38;5;241;43m=[39;49m[43mcolumn[49m[38;5;241;43m.[39;49m[43mnullable[49m
[1;32m    521[0m [43m        [49m[43m)[49m
[1;32m    522[0m     pairs[38;5;241m.[39mappend((name, dtype))
[1;32m    523[0m [38;5;28;01mreturn[39;00m sch[38;5;241m.[39mschema(pairs)

File [0;32m/opt/anaconda3/envs/py4ds2e/lib/python3.10/site-packages/ibis/backends/base/sql/alchemy/translator.py:81[0m, in [0;36mAlchemyExprTranslator.get_ibis_type[0;34m(cls, sqla_type, nullable)[0m
[1;32m     79[0m [38;5;129m@classmethod[39m
[1;32m     80[0m [38;5;28;01mdef[39;00m [38;5;21mget_ibis_type[39m([38;5;28mcls[39m, sqla_type, nullable[38;5;241m=[39m[38;5;28;01mTrue[39;00m):
[0;32m---> 81[0m     [38;5;28;01mreturn[39;00m [38;5;28;43mcls[39;49m[38;5;241;43m.[39;49m[43mtype_mapper[49m[38;5;241;43m.[39;49m[43mto_ibis[49m[43m([49m[43msqla_type[49m[43m,[49m[43m [49m[43mnullable[49m[38;5;241;43m=[39;49m[43mnullable[49m[43m)[49m

File [0;32m/opt/anaconda3/envs/py4ds2e/lib/python3.10/site-packages/ibis/backends/sqlite/datatypes.py:64[0m, in [0;36mSqliteType.to_ibis[0;34m(cls, typ, nullable)[0m
[1;32m     62[0m     [38;5;28;01mreturn[39;00m dt[38;5;241m.[39mJSON(nullable[38;5;241m=[39mnullable)
[1;32m     63[0m [38;5;28;01melse[39;00m:
[0;32m---> 64[0m     [38;5;28;01mreturn[39;00m [38;5;28;43msuper[39;49m[43m([49m[43m)[49m[38;5;241;43m.[39;49m[43mto_ibis[49m[43m([49m[43mtyp[49m[43m,[49m[43m [49m[43mnullable[49m[38;5;241;43m=[39;49m[43mnullable[49m[43m)[49m

File [0;32m/opt/anaconda3/envs/py4ds2e/lib/python3.10/site-packages/ibis/backends/base/sql/alchemy/datatypes.py:314[0m, in [0;36mAlchemyType.to_ibis[0;34m(cls, typ, nullable)[0m
[1;32m    312[0m         [38;5;28;01mraise[39;00m [38;5;167;01mValueError[39;00m([38;5;124mf[39m[38;5;124m"[39m[38;5;124mUnrecognized geometry type: [39m[38;5;132;01m{[39;00mname[38;5;132;01m}[39;00m[38;5;124m"[39m)
[1;32m    313[0m [38;5;28;01melse[39;00m:
[0;32m--> 314[0m     [38;5;28;01mraise[39;00m [38;5;167;01mTypeError[39;00m([38;5;124mf[39m[38;5;124m"[39m[38;5;124mUnable to convert type: [39m[38;5;132;01m{[39;00mtyp[38;5;132;01m!r}[39;00m[38;5;124m"[39m)

[0;31mTypeError[0m: Unable to convert type: NVARCHAR(length=200)

